# JRE version: Java(TM) SE Runtime Environment (21.0.7+8) (build 21.0.7+8-LTS-245)
# Java VM: Java HotSpot(TM) 64-Bit Server VM (21.0.7+8-LTS-245, mixed mode, sharing, tiered, compressed oops, compressed class ptrs, g1 gc, windows-amd64)
GC Precious Log:
 CardTable entry size: 512
 Card Set container configuration: InlinePtr #cards 5 size 8 Array Of Cards #cards 12 size 40 Howl #buckets 4 coarsen threshold 1843 Howl Bitmap #cards 512 size 80 coarsen threshold 460 Card regions per heap region 1 cards per card region 2048
 CPUs: 12 total, 12 available
 Memory: 6005M
 Large Page Support: Disabled
 NUMA Support: Disabled
 Compressed Oops: Enabled (32-bit)
 Heap Region Size: 1M
 Heap Min Capacity: 8M
 Heap Initial Capacity: 94M
 Heap Max Capacity: 1502M
 Pre-touch: Disabled
 Parallel Workers: 10
 Concurrent Workers: 3
 Concurrent Refinement Workers: 10
 Periodic GC: Disabled
Heap:
 garbage-first heap   total 160768K, used 84570K [0x00000000a2200000, 0x0000000100000000)
  region size 1024K, 42 young (43008K), 9 survivors (9216K)
 Metaspace       used 100519K, committed 101440K, reserved 1179648K
  class space    used 12639K, committed 13056K, reserved 1048576K
GC Heap History (20 events):
Event: 2984.849 GC heap after
{Heap after GC invocations=85 (full 15):
 garbage-first heap   total 150528K, used 42168K [0x00000000a2200000, 0x0000000100000000)
  region size 1024K, 0 young (0K), 0 survivors (0K)
 Metaspace       used 97865K, committed 98816K, reserved 1179648K
  class space    used 12413K, committed 12864K, reserved 1048576K
}
Event: 2987.266 GC heap before
{Heap before GC invocations=85 (full 15):
 garbage-first heap   total 150528K, used 127160K [0x00000000a2200000, 0x0000000100000000)
  region size 1024K, 84 young (86016K), 0 survivors (0K)
 Metaspace       used 98654K, committed 99584K, reserved 1179648K
  class space    used 12477K, committed 12928K, reserved 1048576K
}
Event: 2987.272 GC heap after
{Heap after GC invocations=86 (full 15):
 garbage-first heap   total 150528K, used 49440K [0x00000000a2200000, 0x0000000100000000)
  region size 1024K, 8 young (8192K), 8 survivors (8192K)
 Metaspace       used 98654K, committed 99584K, reserved 1179648K
  class space    used 12477K, committed 12928K, reserved 1048576K
}
Event: 3074.679 GC heap before
{Heap before GC invocations=87 (full 15):
 garbage-first heap   total 150528K, used 130336K [0x00000000a2200000, 0x0000000100000000)
  region size 1024K, 87 young (89088K), 8 survivors (8192K)
 Metaspace       used 98813K, committed 99776K, reserved 1179648K
  class space    used 12492K, committed 12928K, reserved 1048576K
}
Event: 3074.878 GC heap after
{Heap after GC invocations=88 (full 15):
 garbage-first heap   total 150528K, used 49995K [0x00000000a2200000, 0x0000000100000000)
  region size 1024K, 3 young (3072K), 3 survivors (3072K)
 Metaspace       used 98813K, committed 99776K, reserved 1179648K
  class space    used 12492K, committed 12928K, reserved 1048576K
}
Event: 3237.696 GC heap before
{Heap before GC invocations=88 (full 15):
 garbage-first heap   total 150528K, used 131915K [0x00000000a2200000, 0x0000000100000000)
  region size 1024K, 83 young (84992K), 3 survivors (3072K)
 Metaspace       used 98813K, committed 99776K, reserved 1179648K
  class space    used 12492K, committed 12928K, reserved 1048576K
}
Event: 3237.783 GC heap after
{Heap after GC invocations=89 (full 15):
 garbage-first heap   total 150528K, used 49963K [0x00000000a2200000, 0x0000000100000000)
  region size 1024K, 2 young (2048K), 2 survivors (2048K)
 Metaspace       used 98813K, committed 99776K, reserved 1179648K
  class space    used 12492K, committed 12928K, reserved 1048576K
}
Event: 3406.588 GC heap before
{Heap before GC invocations=89 (full 15):
 garbage-first heap   total 150528K, used 134955K [0x00000000a2200000, 0x0000000100000000)
  region size 1024K, 85 young (87040K), 2 survivors (2048K)
 Metaspace       used 98813K, committed 99776K, reserved 1179648K
  class space    used 12492K, committed 12928K, reserved 1048576K
}
Event: 3406.686 GC heap after
{Heap after GC invocations=90 (full 15):
 garbage-first heap   total 150528K, used 49871K [0x00000000a2200000, 0x0000000100000000)
  region size 1024K, 2 young (2048K), 2 survivors (2048K)
 Metaspace       used 98813K, committed 99776K, reserved 1179648K
  class space    used 12492K, committed 12928K, reserved 1048576K
}
Event: 3580.789 GC heap before
{Heap before GC invocations=91 (full 15):
 garbage-first heap   total 150528K, used 136911K [0x00000000a2200000, 0x0000000100000000)
  region size 1024K, 87 young (89088K), 2 survivors (2048K)
 Metaspace       used 98814K, committed 99776K, reserved 1179648K
  class space    used 12492K, committed 12928K, reserved 1048576K
}
Event: 3581.045 GC heap after
{Heap after GC invocations=92 (full 15):
 garbage-first heap   total 150528K, used 49840K [0x00000000a2200000, 0x0000000100000000)
  region size 1024K, 2 young (2048K), 2 survivors (2048K)
 Metaspace       used 98814K, committed 99776K, reserved 1179648K
  class space    used 12492K, committed 12928K, reserved 1048576K
}
Event: 3656.293 GC heap before
{Heap before GC invocations=92 (full 15):
 garbage-first heap   total 150528K, used 88752K [0x00000000a2200000, 0x0000000100000000)
  region size 1024K, 41 young (41984K), 2 survivors (2048K)
 Metaspace       used 98831K, committed 99840K, reserved 1179648K
  class space    used 12492K, committed 12928K, reserved 1048576K
}
Event: 3658.262 GC heap after
{Heap after GC invocations=93 (full 16):
 garbage-first heap   total 150528K, used 42882K [0x00000000a2200000, 0x0000000100000000)
  region size 1024K, 0 young (0K), 0 survivors (0K)
 Metaspace       used 98789K, committed 99840K, reserved 1179648K
  class space    used 12485K, committed 12928K, reserved 1048576K
}
Event: 3664.622 GC heap before
{Heap before GC invocations=93 (full 16):
 garbage-first heap   total 150528K, used 131970K [0x00000000a2200000, 0x0000000100000000)
  region size 1024K, 88 young (90112K), 0 survivors (0K)
 Metaspace       used 99554K, committed 100480K, reserved 1179648K
  class space    used 12555K, committed 12992K, reserved 1048576K
}
Event: 3664.661 GC heap after
{Heap after GC invocations=94 (full 16):
 garbage-first heap   total 197632K, used 50274K [0x00000000a2200000, 0x0000000100000000)
  region size 1024K, 8 young (8192K), 8 survivors (8192K)
 Metaspace       used 99554K, committed 100480K, reserved 1179648K
  class space    used 12555K, committed 12992K, reserved 1048576K
}
Event: 3682.348 GC heap before
{Heap before GC invocations=95 (full 16):
 garbage-first heap   total 184320K, used 95330K [0x00000000a2200000, 0x0000000100000000)
  region size 1024K, 53 young (54272K), 8 survivors (8192K)
 Metaspace       used 99658K, committed 100608K, reserved 1179648K
  class space    used 12564K, committed 12992K, reserved 1048576K
}
Event: 3683.147 GC heap after
{Heap after GC invocations=96 (full 17):
 garbage-first heap   total 160768K, used 43504K [0x00000000a2200000, 0x0000000100000000)
  region size 1024K, 0 young (0K), 0 survivors (0K)
 Metaspace       used 99639K, committed 100608K, reserved 1179648K
  class space    used 12563K, committed 12992K, reserved 1048576K
}
Event: 3687.068 GC heap before
{Heap before GC invocations=96 (full 17):
 garbage-first heap   total 160768K, used 138736K [0x00000000a2200000, 0x0000000100000000)
  region size 1024K, 94 young (96256K), 0 survivors (0K)
 Metaspace       used 100501K, committed 101440K, reserved 1179648K
  class space    used 12636K, committed 13056K, reserved 1048576K
}
Event: 3687.093 GC heap after
{Heap after GC invocations=97 (full 17):
 garbage-first heap   total 160768K, used 51802K [0x00000000a2200000, 0x0000000100000000)
  region size 1024K, 9 young (9216K), 9 survivors (9216K)
 Metaspace       used 100501K, committed 101440K, reserved 1179648K
  class space    used 12636K, committed 13056K, reserved 1048576K
}
Event: 3688.842 GC heap before
{Heap before GC invocations=98 (full 17):
 garbage-first heap   total 160768K, used 84570K [0x00000000a2200000, 0x0000000100000000)
  region size 1024K, 42 young (43008K), 9 survivors (9216K)
 Metaspace       used 100519K, committed 101440K, reserved 1179648K
  class space    used 12639K, committed 13056K, reserved 1048576K
}

